  stdafx.cpp
  Animation.cpp
Animation.cpp(10): warning C4244: '=': conversion from 'float' to 'int', possible loss of data
Animation.cpp(11): warning C4244: '=': conversion from 'float' to 'int', possible loss of data
  Collision.cpp
Collision.cpp(65): warning C4244: 'initializing': conversion from 'float' to 'int', possible loss of data
Collision.cpp(66): warning C4244: 'initializing': conversion from 'float' to 'int', possible loss of data
Collision.cpp(68): warning C4244: 'argument': conversion from 'int' to 'float', possible loss of data
Collision.cpp(69): warning C4244: 'argument': conversion from 'int' to 'float', possible loss of data
Collision.cpp(141): warning C4244: 'argument': conversion from 'int' to 'float', possible loss of data
Collision.cpp(142): warning C4244: 'argument': conversion from 'int' to 'float', possible loss of data
Collision.cpp(143): warning C4244: 'argument': conversion from 'int' to 'float', possible loss of data
  GameLoading.cpp
  GameManagerState.cpp
  GameObject.cpp
  GameObjectRender.cpp
GameObjectRender.cpp(14): warning C4244: 'argument': conversion from 'int' to 'float', possible loss of data
GameObjectRender.cpp(22): warning C4244: 'argument': conversion from 'int' to 'float', possible loss of data
  GameScene.cpp
GameScene.cpp(248): warning C4305: 'argument': truncation from 'double' to 'float'
GameScene.cpp(404): warning C4244: '=': conversion from 'double' to 'float', possible loss of data
GameScene.cpp(405): warning C4244: '+=': conversion from 'double' to 'float', possible loss of data
GameScene.cpp(411): warning C4244: '=': conversion from 'double' to 'float', possible loss of data
GameScene.cpp(412): warning C4244: '+=': conversion from 'double' to 'float', possible loss of data
GameScene.cpp(414): warning C4305: '=': truncation from 'double' to 'float'
GameScene.cpp(419): warning C4244: '=': conversion from 'double' to 'float', possible loss of data
GameScene.cpp(422): warning C4244: '+=': conversion from 'double' to 'float', possible loss of data
GameScene.cpp(432): warning C4305: '+=': truncation from 'double' to 'float'
  GiveItUp.v00.cpp
  MenuScene.cpp
MenuScene.cpp(140): warning C4305: 'argument': truncation from 'double' to 'float'
  Pack.cpp
  Plate.cpp
  Scene.cpp
  SceneBuy.cpp
  SceneManager.cpp
  SceneWin.cpp
  Scene_Over.cpp
  SettingScene.cpp
SettingScene.cpp(108): warning C4244: 'argument': conversion from 'int' to 'float', possible loss of data
  Skin.cpp
  SkinScene.cpp
SkinScene.cpp(85): warning C4244: 'argument': conversion from 'int' to 'float', possible loss of data
SkinScene.cpp(129): warning C4244: 'argument': conversion from 'int' to 'float', possible loss of data
SkinScene.cpp(130): warning C4305: 'argument': truncation from 'double' to 'float'
SkinScene.cpp(245): warning C4305: 'argument': truncation from 'double' to 'float'
  Test.cpp
  Compiling...
  mc.cpp
  Generating code
  10 of 756 functions ( 1.3%) were compiled, the rest were copied from previous compilation.
    0 functions were new in current compilation
    0 functions had inline decision re-evaluated but remain unchanged
  Finished generating code
  GiveItUp.v00.vcxproj -> C:\Users\sai.prg-training\Documents\Make_game\Make_game\Giveitup\GiveItUp\GiveItUp.v15_tan\Release\GiveItUp.v00.exe
  GiveItUp.v00.vcxproj -> C:\Users\sai.prg-training\Documents\Make_game\Make_game\Giveitup\GiveItUp\GiveItUp.v15_tan\Release\GiveItUp.v00.pdb (Full PDB)
